2013-07-20 22:32:58,863 [Worker-11] INFO  o.e.m.c.i.i.nexus.NexusIndexManager - Updating index for repository: central|http://repo1.maven.org/maven2
2013-07-20 22:33:05,977 [Worker-11] ERROR o.e.m.c.i.i.nexus.NexusIndexManager - Unable to update index for central|http://repo1.maven.org/maven2
java.io.IOException: Server returned status code 403: Forbidden
	at org.eclipse.m2e.core.internal.index.nexus.AsyncFetcher$PipedErrorInputStream.checkError(AsyncFetcher.java:253) ~[org.eclipse.m2e.core_1.0.0.me201110301321.jar:na]
	at org.eclipse.m2e.core.internal.index.nexus.AsyncFetcher$PipedErrorInputStream.read(AsyncFetcher.java:261) ~[org.eclipse.m2e.core_1.0.0.me201110301321.jar:na]
	at java.io.PipedInputStream.read(PipedInputStream.java:361) ~[na:1.6.0_13]
	at java.io.InputStream.read(InputStream.java:85) ~[na:1.6.0_13]
	at java.util.Properties$LineReader.readLine(Properties.java:418) ~[na:1.6.0_13]
	at java.util.Properties.load0(Properties.java:337) ~[na:1.6.0_13]
	at java.util.Properties.load(Properties.java:325) ~[na:1.6.0_13]
	at org.apache.maven.index.updater.DefaultIndexUpdater.downloadIndexProperties(DefaultIndexUpdater.java:457) ~[indexer-core-3.1.0.jar:3.1.0]
	at org.apache.maven.index.updater.DefaultIndexUpdater.access$100(DefaultIndexUpdater.java:75) ~[indexer-core-3.1.0.jar:3.1.0]
	at org.apache.maven.index.updater.DefaultIndexUpdater$IndexAdaptor.setProperties(DefaultIndexUpdater.java:607) ~[indexer-core-3.1.0.jar:3.1.0]
	at org.apache.maven.index.updater.DefaultIndexUpdater.fetchAndUpdateIndex(DefaultIndexUpdater.java:788) ~[indexer-core-3.1.0.jar:3.1.0]
	at org.apache.maven.index.updater.DefaultIndexUpdater.fetchAndUpdateIndex(DefaultIndexUpdater.java:135) ~[indexer-core-3.1.0.jar:3.1.0]
	at org.eclipse.m2e.core.internal.index.nexus.NexusIndexManager.updateRemoteIndex(NexusIndexManager.java:1126) [org.eclipse.m2e.core_1.0.0.me201110301321.jar:na]
	at org.eclipse.m2e.core.internal.index.nexus.NexusIndexManager.updateIndex(NexusIndexManager.java:1083) [org.eclipse.m2e.core_1.0.0.me201110301321.jar:na]
	at org.eclipse.m2e.core.internal.index.nexus.NexusIndexManager$1.run(NexusIndexManager.java:660) [org.eclipse.m2e.core_1.0.0.me201110301321.jar:na]
	at org.eclipse.m2e.core.internal.index.nexus.IndexUpdaterJob.run(IndexUpdaterJob.java:71) [org.eclipse.m2e.core_1.0.0.me201110301321.jar:na]
	at org.eclipse.core.internal.jobs.Worker.run(Worker.java:54) [org.eclipse.core.jobs_3.5.100.v20110404.jar:na]
java.io.IOException: Server returned status code 403: Forbidden
	at org.eclipse.m2e.core.internal.index.nexus.AsyncFetcher$MonitorListener.onStatus(AsyncFetcher.java:283) ~[na:na]
	at com.ning.http.client.SimpleAsyncHttpClient$BodyConsumerAsyncHandler.fireStatus(SimpleAsyncHttpClient.java:828) ~[na:na]
	at com.ning.http.client.SimpleAsyncHttpClient$BodyConsumerAsyncHandler.onStatusReceived(SimpleAsyncHttpClient.java:779) ~[na:na]
	at com.ning.http.client.providers.netty.NettyAsyncHttpProvider.updateStatusAndInterrupt(NettyAsyncHttpProvider.java:1439) ~[na:na]
	at com.ning.http.client.providers.netty.NettyAsyncHttpProvider.messageReceived(NettyAsyncHttpProvider.java:1170) ~[na:na]
	at org.jboss.netty.channel.SimpleChannelUpstreamHandler.handleUpstream(SimpleChannelUpstreamHandler.java:80) ~[na:na]
	at org.jboss.netty.channel.DefaultChannelPipeline.sendUpstream(DefaultChannelPipeline.java:545) ~[na:na]
	at org.jboss.netty.channel.DefaultChannelPipeline$DefaultChannelHandlerContext.sendUpstream(DefaultChannelPipeline.java:754) ~[na:na]
	at org.jboss.netty.handler.stream.ChunkedWriteHandler.handleUpstream(ChunkedWriteHandler.java:148) ~[na:na]
	at org.jboss.netty.channel.DefaultChannelPipeline.sendUpstream(DefaultChannelPipeline.java:545) ~[na:na]
	at org.jboss.netty.channel.DefaultChannelPipeline$DefaultChannelHandlerContext.sendUpstream(DefaultChannelPipeline.java:754) ~[na:na]
	at org.jboss.netty.handler.codec.http.HttpContentDecoder.messageReceived(HttpContentDecoder.java:104) ~[na:na]
	at org.jboss.netty.channel.SimpleChannelUpstreamHandler.handleUpstream(SimpleChannelUpstreamHandler.java:80) ~[na:na]
	at org.jboss.netty.channel.DefaultChannelPipeline.sendUpstream(DefaultChannelPipeline.java:545) ~[na:na]
	at org.jboss.netty.channel.DefaultChannelPipeline$DefaultChannelHandlerContext.sendUpstream(DefaultChannelPipeline.java:754) ~[na:na]
	at org.jboss.netty.channel.Channels.fireMessageReceived(Channels.java:302) ~[na:na]
	at org.jboss.netty.handler.codec.replay.ReplayingDecoder.unfoldAndfireMessageReceived(ReplayingDecoder.java:522) ~[na:na]
	at org.jboss.netty.handler.codec.replay.ReplayingDecoder.callDecode(ReplayingDecoder.java:506) ~[na:na]
	at org.jboss.netty.handler.codec.replay.ReplayingDecoder.messageReceived(ReplayingDecoder.java:443) ~[na:na]
	at org.jboss.netty.channel.SimpleChannelUpstreamHandler.handleUpstream(SimpleChannelUpstreamHandler.java:80) ~[na:na]
	at org.jboss.netty.handler.codec.http.HttpClientCodec.handleUpstream(HttpClientCodec.java:77) ~[na:na]
	at org.jboss.netty.channel.DefaultChannelPipeline.sendUpstream(DefaultChannelPipeline.java:545) ~[na:na]
	at org.jboss.netty.channel.DefaultChannelPipeline.sendUpstream(DefaultChannelPipeline.java:540) ~[na:na]
	at org.jboss.netty.channel.Channels.fireMessageReceived(Channels.java:274) ~[na:na]
	at org.jboss.netty.channel.Channels.fireMessageReceived(Channels.java:261) ~[na:na]
	at org.jboss.netty.channel.socket.nio.NioWorker.read(NioWorker.java:349) ~[na:na]
	at org.jboss.netty.channel.socket.nio.NioWorker.processSelectedKeys(NioWorker.java:280) ~[na:na]
	at org.jboss.netty.channel.socket.nio.NioWorker.run(NioWorker.java:200) ~[na:na]
	at org.jboss.netty.util.ThreadRenamingRunnable.run(ThreadRenamingRunnable.java:108) ~[na:na]
	at org.jboss.netty.util.internal.DeadLockProofWorker$1.run(DeadLockProofWorker.java:44) ~[na:na]
	at java.util.concurrent.ThreadPoolExecutor$Worker.runTask(ThreadPoolExecutor.java:886) ~[na:1.6.0_13]
	at java.util.concurrent.ThreadPoolExecutor$Worker.run(ThreadPoolExecutor.java:908) ~[na:1.6.0_13]
	at java.lang.Thread.run(Thread.java:619) ~[na:1.6.0_13]
2013-07-20 22:33:11,795 [Worker-12] INFO  o.e.m.c.i.l.LifecycleMappingFactory - Using org.maven.ide.eclipse.wtp.WarLifecycleMapping lifecycle mapping for MavenProject: com.monthcat:springtest:0.0.1-SNAPSHOT @ D:\gitHome\DynamicGrid\DG-framework\springtest Maven Webapp\pom.xml.
2013-07-20 22:33:14,605 [Worker-12] INFO  o.e.m.c.i.l.LifecycleMappingFactory - Using org.maven.ide.eclipse.wtp.WarLifecycleMapping lifecycle mapping for MavenProject: com.monthcat:springtest:0.0.1-SNAPSHOT @ D:\gitHome\DynamicGrid\DG-framework\springtest Maven Webapp\pom.xml.
2013-07-20 22:33:15,625 [Worker-6] INFO  o.e.m.c.i.l.LifecycleMappingFactory - Using org.maven.ide.eclipse.wtp.WarLifecycleMapping lifecycle mapping for MavenProject: com.monthcat:springtest:0.0.1-SNAPSHOT @ D:\gitHome\DynamicGrid\DG-framework\springtest Maven Webapp\pom.xml.
2013-07-20 22:33:22,856 [Worker-6] INFO  o.e.m.c.i.embedder.EclipseLogger - Using 'utf-8' encoding to copy filtered resources.
2013-07-20 22:33:22,878 [Worker-6] INFO  o.e.m.c.i.embedder.EclipseLogger - Copying 5 resources
2013-07-20 22:33:22,982 [Worker-6] INFO  o.e.m.c.i.embedder.EclipseLogger - Using 'utf-8' encoding to copy filtered resources.
2013-07-20 22:33:22,983 [Worker-6] INFO  o.e.m.c.i.embedder.EclipseLogger - Copying 0 resource
2013-07-20 22:33:24,532 [Worker-16] INFO  o.e.m.c.i.l.LifecycleMappingFactory - Using org.maven.ide.eclipse.wtp.WarLifecycleMapping lifecycle mapping for MavenProject: com.monthcat:springtest:0.0.1-SNAPSHOT @ D:\gitHome\DynamicGrid\DG-framework\springtest Maven Webapp\pom.xml.
2013-07-20 22:33:25,009 [Worker-16] INFO  o.e.m.c.i.l.LifecycleMappingFactory - Using org.maven.ide.eclipse.wtp.WarLifecycleMapping lifecycle mapping for MavenProject: com.monthcat:springtest:0.0.1-SNAPSHOT @ D:\gitHome\DynamicGrid\DG-framework\springtest Maven Webapp\pom.xml.
2013-07-20 22:33:51,604 [Worker-14] ERROR o.e.m.c.i.p.r.ProjectRegistryRefreshJob - Resource '/springtest Maven Webapp/pom.xml' does not exist.
org.eclipse.core.internal.resources.ResourceException: Resource '/springtest Maven Webapp/pom.xml' does not exist.
	at org.eclipse.core.internal.resources.Resource.checkExists(Resource.java:320) ~[na:na]
	at org.eclipse.core.internal.resources.Resource.checkAccessible(Resource.java:194) ~[na:na]
	at org.eclipse.core.internal.resources.Resource.deleteMarkers(Resource.java:820) ~[na:na]
	at org.eclipse.m2e.core.internal.markers.MavenMarkerManager.deleteMarkers(MavenMarkerManager.java:231) ~[na:na]
	at org.eclipse.m2e.core.internal.markers.MavenMarkerManager.deleteMarkers(MavenMarkerManager.java:226) ~[na:na]
	at org.eclipse.m2e.core.internal.project.registry.ProjectRegistryManager.readMavenProject(ProjectRegistryManager.java:628) ~[na:na]
	at org.eclipse.m2e.core.internal.project.registry.ProjectRegistryManager.refresh(ProjectRegistryManager.java:367) ~[na:na]
	at org.eclipse.m2e.core.internal.project.registry.ProjectRegistryManager.refresh(ProjectRegistryManager.java:327) ~[na:na]
	at org.eclipse.m2e.core.internal.project.registry.ProjectRegistryRefreshJob.run(ProjectRegistryRefreshJob.java:87) ~[na:na]
	at org.eclipse.core.internal.jobs.Worker.run(Worker.java:54) [org.eclipse.core.jobs_3.5.100.v20110404.jar:na]
2013-07-20 22:33:52,752 [Worker-15] INFO  o.e.m.c.i.l.LifecycleMappingFactory - Using org.maven.ide.eclipse.wtp.WarLifecycleMapping lifecycle mapping for MavenProject: com.monthcat:springtest:0.0.1-SNAPSHOT @ D:\gitHome\DynamicGrid\DG-framework\DGAdmin\pom.xml.
2013-07-20 22:34:56,250 [Worker-17] INFO  o.e.m.c.i.l.LifecycleMappingFactory - Using org.maven.ide.eclipse.wtp.WarLifecycleMapping lifecycle mapping for MavenProject: com.monthcat:dgadmin:0.0.1-SNAPSHOT @ D:\gitHome\DynamicGrid\DG-framework\DGAdmin\pom.xml.
2013-07-20 22:34:56,714 [Worker-17] INFO  o.e.m.c.i.embedder.EclipseLogger - Using 'utf-8' encoding to copy filtered resources.
2013-07-20 22:34:56,716 [Worker-17] INFO  o.e.m.c.i.embedder.EclipseLogger - Copying 5 resources
2013-07-20 22:34:56,733 [Worker-17] INFO  o.e.m.c.i.embedder.EclipseLogger - Using 'utf-8' encoding to copy filtered resources.
2013-07-20 22:34:56,734 [Worker-17] INFO  o.e.m.c.i.embedder.EclipseLogger - Copying 0 resource
2013-07-20 22:35:16,439 [Worker-15] INFO  o.e.m.c.i.l.LifecycleMappingFactory - Using org.maven.ide.eclipse.wtp.WarLifecycleMapping lifecycle mapping for MavenProject: com.monthcat:dgadmin:0.0.1-SNAPSHOT @ D:\gitHome\DynamicGrid\DG-framework\DGAdmin\pom.xml.
2013-07-20 22:35:16,783 [Worker-15] INFO  o.e.m.c.i.embedder.EclipseLogger - Using 'utf-8' encoding to copy filtered resources.
2013-07-20 22:35:16,785 [Worker-15] INFO  o.e.m.c.i.embedder.EclipseLogger - Copying 0 resource
2013-07-20 22:35:16,788 [Worker-15] INFO  o.e.m.c.i.embedder.EclipseLogger - Using 'utf-8' encoding to copy filtered resources.
2013-07-20 22:35:16,788 [Worker-15] INFO  o.e.m.c.i.embedder.EclipseLogger - Copying 0 resource
2013-07-20 22:35:41,616 [Worker-14] INFO  o.e.m.c.i.l.LifecycleMappingFactory - Using org.maven.ide.eclipse.wtp.WarLifecycleMapping lifecycle mapping for MavenProject: com.monthcat:dgadmin:0.0.1-SNAPSHOT @ D:\gitHome\DynamicGrid\DG-framework\DGAdmin\pom.xml.
2013-07-20 22:35:42,039 [Worker-14] INFO  o.e.m.c.i.embedder.EclipseLogger - Using 'utf-8' encoding to copy filtered resources.
2013-07-20 22:35:42,040 [Worker-14] INFO  o.e.m.c.i.embedder.EclipseLogger - Copying 0 resource
2013-07-20 22:35:42,044 [Worker-14] INFO  o.e.m.c.i.embedder.EclipseLogger - Using 'utf-8' encoding to copy filtered resources.
2013-07-20 22:35:42,044 [Worker-14] INFO  o.e.m.c.i.embedder.EclipseLogger - Copying 0 resource
2013-07-20 22:36:50,443 [Worker-15] INFO  o.e.m.c.i.embedder.EclipseLogger - Using 'utf-8' encoding to copy filtered resources.
2013-07-20 22:36:50,446 [Worker-15] INFO  o.e.m.c.i.embedder.EclipseLogger - Copying 1 resource
2013-07-20 22:36:50,450 [Worker-15] INFO  o.e.m.c.i.embedder.EclipseLogger - Using 'utf-8' encoding to copy filtered resources.
2013-07-20 22:36:50,451 [Worker-15] INFO  o.e.m.c.i.embedder.EclipseLogger - Copying 0 resource
2013-07-20 22:37:00,309 [Worker-16] INFO  o.e.m.c.i.embedder.EclipseLogger - Using 'utf-8' encoding to copy filtered resources.
2013-07-20 22:37:00,310 [Worker-16] INFO  o.e.m.c.i.embedder.EclipseLogger - Copying 1 resource
2013-07-20 22:37:00,313 [Worker-16] INFO  o.e.m.c.i.embedder.EclipseLogger - Using 'utf-8' encoding to copy filtered resources.
2013-07-20 22:37:00,313 [Worker-16] INFO  o.e.m.c.i.embedder.EclipseLogger - Copying 0 resource
2013-07-20 22:37:19,672 [Worker-15] INFO  o.e.m.c.i.embedder.EclipseLogger - Using 'utf-8' encoding to copy filtered resources.
2013-07-20 22:37:19,672 [Worker-15] INFO  o.e.m.c.i.embedder.EclipseLogger - Copying 1 resource
2013-07-20 22:37:19,676 [Worker-15] INFO  o.e.m.c.i.embedder.EclipseLogger - Using 'utf-8' encoding to copy filtered resources.
2013-07-20 22:37:19,677 [Worker-15] INFO  o.e.m.c.i.embedder.EclipseLogger - Copying 0 resource
2013-07-20 22:37:43,842 [Worker-13] INFO  o.e.m.i.launch.MavenLaunchDelegate - D:\gitHome\DynamicGrid\DG-framework\DGAdmin
2013-07-20 22:37:43,843 [Worker-13] INFO  o.e.m.i.launch.MavenLaunchDelegate -  mvn -B -s C:\Users\Administrator\.m2\settings.xml install
2013-07-20 22:39:57,533 [Worker-9] INFO  o.e.m.c.i.embedder.EclipseLogger - Using 'utf-8' encoding to copy filtered resources.
2013-07-20 22:39:57,543 [Worker-9] INFO  o.e.m.c.i.embedder.EclipseLogger - Copying 5 resources
2013-07-20 22:39:57,562 [Worker-9] INFO  o.e.m.c.i.embedder.EclipseLogger - Using 'utf-8' encoding to copy filtered resources.
2013-07-20 22:39:57,563 [Worker-9] INFO  o.e.m.c.i.embedder.EclipseLogger - Copying 0 resource
2013-07-20 22:40:13,638 [Worker-9] INFO  o.e.m.i.launch.MavenLaunchDelegate - D:\gitHome\DynamicGrid\DG-framework\DGAdmin
2013-07-20 22:40:13,639 [Worker-9] INFO  o.e.m.i.launch.MavenLaunchDelegate -  mvn -B -s C:\Users\Administrator\.m2\settings.xml install
2013-07-20 22:45:48,317 [Worker-11] INFO  o.e.m.c.i.embedder.EclipseLogger - Using 'utf-8' encoding to copy filtered resources.
2013-07-20 22:45:48,321 [Worker-11] INFO  o.e.m.c.i.embedder.EclipseLogger - Copying 5 resources
2013-07-20 22:45:48,324 [Worker-11] INFO  o.e.m.c.i.embedder.EclipseLogger - Using 'utf-8' encoding to copy filtered resources.
2013-07-20 22:45:48,370 [Worker-11] INFO  o.e.m.c.i.embedder.EclipseLogger - Copying 0 resource
2013-07-20 22:46:44,963 [Worker-6] INFO  o.e.m.c.i.embedder.EclipseLogger - Using 'utf-8' encoding to copy filtered resources.
2013-07-20 22:46:44,966 [Worker-6] INFO  o.e.m.c.i.embedder.EclipseLogger - Copying 5 resources
2013-07-20 22:46:44,969 [Worker-6] INFO  o.e.m.c.i.embedder.EclipseLogger - Using 'utf-8' encoding to copy filtered resources.
2013-07-20 22:46:44,970 [Worker-6] INFO  o.e.m.c.i.embedder.EclipseLogger - Copying 0 resource
2013-07-20 22:59:33,355 [Worker-12] ERROR o.e.m.c.i.i.nexus.NexusIndexManager - Unable to remove com/monthcat/dgadmin/0.0.1-SNAPSHOT/dgadmin-0.0.1-SNAPSHOT.pom
java.io.FileNotFoundException: D:\gitHome\DynamicGrid\DG-framework\.metadata\.plugins\org.eclipse.m2e.core\nexus\830bc118332e77292949ed1e6d2fabe0\_1_1.del (系统找不到指定的文件。)
	at java.io.RandomAccessFile.open(Native Method) ~[na:1.6.0_13]
	at java.io.RandomAccessFile.<init>(RandomAccessFile.java:212) ~[na:1.6.0_13]
	at org.apache.lucene.store.FSDirectory$FSIndexInput$Descriptor.<init>(FSDirectory.java:552) ~[lucene-core-2.4.1.jar:2.4.1 750176 - 2009-03-04 21:56:52]
	at org.apache.lucene.store.FSDirectory$FSIndexInput.<init>(FSDirectory.java:582) ~[lucene-core-2.4.1.jar:2.4.1 750176 - 2009-03-04 21:56:52]
	at org.apache.lucene.store.FSDirectory.openInput(FSDirectory.java:488) ~[lucene-core-2.4.1.jar:2.4.1 750176 - 2009-03-04 21:56:52]
	at org.apache.lucene.store.FSDirectory.openInput(FSDirectory.java:482) ~[lucene-core-2.4.1.jar:2.4.1 750176 - 2009-03-04 21:56:52]
	at org.apache.lucene.util.BitVector.<init>(BitVector.java:199) ~[lucene-core-2.4.1.jar:2.4.1 750176 - 2009-03-04 21:56:52]
	at org.apache.lucene.index.SegmentReader.loadDeletedDocs(SegmentReader.java:402) ~[lucene-core-2.4.1.jar:2.4.1 750176 - 2009-03-04 21:56:52]
	at org.apache.lucene.index.SegmentReader.initialize(SegmentReader.java:368) ~[lucene-core-2.4.1.jar:2.4.1 750176 - 2009-03-04 21:56:52]
	at org.apache.lucene.index.SegmentReader.get(SegmentReader.java:306) ~[lucene-core-2.4.1.jar:2.4.1 750176 - 2009-03-04 21:56:52]
	at org.apache.lucene.index.SegmentReader.get(SegmentReader.java:236) ~[lucene-core-2.4.1.jar:2.4.1 750176 - 2009-03-04 21:56:52]
	at org.apache.lucene.index.DocumentsWriter.applyDeletes(DocumentsWriter.java:915) ~[lucene-core-2.4.1.jar:2.4.1 750176 - 2009-03-04 21:56:52]
	at org.apache.lucene.index.IndexWriter.applyDeletes(IndexWriter.java:4339) ~[lucene-core-2.4.1.jar:2.4.1 750176 - 2009-03-04 21:56:52]
	at org.apache.lucene.index.IndexWriter.doFlush(IndexWriter.java:3579) ~[lucene-core-2.4.1.jar:2.4.1 750176 - 2009-03-04 21:56:52]
	at org.apache.lucene.index.IndexWriter.flush(IndexWriter.java:3450) ~[lucene-core-2.4.1.jar:2.4.1 750176 - 2009-03-04 21:56:52]
	at org.apache.lucene.index.IndexWriter.prepareCommit(IndexWriter.java:3363) ~[lucene-core-2.4.1.jar:2.4.1 750176 - 2009-03-04 21:56:52]
	at org.apache.lucene.index.IndexWriter.commit(IndexWriter.java:3408) ~[lucene-core-2.4.1.jar:2.4.1 750176 - 2009-03-04 21:56:52]
	at org.apache.maven.index.DefaultIndexerEngine.remove(DefaultIndexerEngine.java:179) ~[local-patches.jar:3.1.0]
	at org.apache.maven.index.DefaultNexusIndexer.deleteArtifactFromIndex(DefaultNexusIndexer.java:350) ~[indexer-core-3.1.0.jar:3.1.0]
	at org.eclipse.m2e.core.internal.index.nexus.NexusIndexManager.removeDocument(NexusIndexManager.java:623) [org.eclipse.m2e.core_1.0.0.me201110301321.jar:na]
	at org.eclipse.m2e.core.internal.index.nexus.NexusIndexManager.mavenProjectChanged(NexusIndexManager.java:757) [org.eclipse.m2e.core_1.0.0.me201110301321.jar:na]
	at org.eclipse.m2e.core.internal.project.registry.ProjectRegistryManager.notifyProjectChangeListeners(ProjectRegistryManager.java:724) [org.eclipse.m2e.core_1.0.0.me201110301321.jar:na]
	at org.eclipse.m2e.core.internal.project.registry.ProjectRegistryManager.applyMutableProjectRegistry(ProjectRegistryManager.java:847) [org.eclipse.m2e.core_1.0.0.me201110301321.jar:na]
	at org.eclipse.m2e.core.internal.project.registry.ProjectRegistryManager.refresh(ProjectRegistryManager.java:280) [org.eclipse.m2e.core_1.0.0.me201110301321.jar:na]
	at org.eclipse.m2e.core.internal.project.registry.MavenProjectManager.refresh(MavenProjectManager.java:58) [org.eclipse.m2e.core_1.0.0.me201110301321.jar:na]
	at org.eclipse.m2e.core.internal.builder.MavenBuilder.build(MavenBuilder.java:128) [org.eclipse.m2e.core_1.0.0.me201110301321.jar:na]
	at org.eclipse.core.internal.events.BuildManager$2.run(BuildManager.java:728) [org.eclipse.core.resources_3.7.100.v20110510-0712.jar:na]
	at org.eclipse.core.runtime.SafeRunner.run(SafeRunner.java:42) [org.eclipse.equinox.common_3.6.0.v20110523.jar:na]
	at org.eclipse.core.internal.events.BuildManager.basicBuild(BuildManager.java:199) [org.eclipse.core.resources_3.7.100.v20110510-0712.jar:na]
	at org.eclipse.core.internal.events.BuildManager.basicBuild(BuildManager.java:239) [org.eclipse.core.resources_3.7.100.v20110510-0712.jar:na]
	at org.eclipse.core.internal.events.BuildManager$1.run(BuildManager.java:292) [org.eclipse.core.resources_3.7.100.v20110510-0712.jar:na]
	at org.eclipse.core.runtime.SafeRunner.run(SafeRunner.java:42) [org.eclipse.equinox.common_3.6.0.v20110523.jar:na]
	at org.eclipse.core.internal.events.BuildManager.basicBuild(BuildManager.java:295) [org.eclipse.core.resources_3.7.100.v20110510-0712.jar:na]
	at org.eclipse.core.internal.events.BuildManager.basicBuildLoop(BuildManager.java:351) [org.eclipse.core.resources_3.7.100.v20110510-0712.jar:na]
	at org.eclipse.core.internal.events.BuildManager.build(BuildManager.java:374) [org.eclipse.core.resources_3.7.100.v20110510-0712.jar:na]
	at org.eclipse.core.internal.events.AutoBuildJob.doBuild(AutoBuildJob.java:143) [org.eclipse.core.resources_3.7.100.v20110510-0712.jar:na]
	at org.eclipse.core.internal.events.AutoBuildJob.run(AutoBuildJob.java:241) [org.eclipse.core.resources_3.7.100.v20110510-0712.jar:na]
	at org.eclipse.core.internal.jobs.Worker.run(Worker.java:54) [org.eclipse.core.jobs_3.5.100.v20110404.jar:na]
2013-07-20 22:59:33,513 [Worker-12] ERROR o.e.m.jdt.internal.BuildPathManager - Can't save classpath container state for DGAdmin
java.io.FileNotFoundException: D:\gitHome\DynamicGrid\DG-framework\.metadata\.plugins\org.eclipse.m2e.jdt\DGAdmin.container (系统找不到指定的路径。)
	at java.io.FileOutputStream.open(Native Method) ~[na:1.6.0_13]
	at java.io.FileOutputStream.<init>(FileOutputStream.java:179) ~[na:1.6.0_13]
	at java.io.FileOutputStream.<init>(FileOutputStream.java:131) ~[na:1.6.0_13]
	at org.eclipse.m2e.jdt.internal.BuildPathManager.saveContainerState(BuildPathManager.java:269) [org.eclipse.m2e.jdt_1.0.0.me201110252317.jar:na]
	at org.eclipse.m2e.jdt.internal.BuildPathManager.updateClasspath(BuildPathManager.java:237) [org.eclipse.m2e.jdt_1.0.0.me201110252317.jar:na]
	at org.eclipse.m2e.jdt.internal.BuildPathManager.mavenProjectChanged(BuildPathManager.java:219) [org.eclipse.m2e.jdt_1.0.0.me201110252317.jar:na]
	at org.eclipse.m2e.core.internal.project.registry.ProjectRegistryManager.notifyProjectChangeListeners(ProjectRegistryManager.java:724) [org.eclipse.m2e.core_1.0.0.me201110301321.jar:na]
	at org.eclipse.m2e.core.internal.project.registry.ProjectRegistryManager.applyMutableProjectRegistry(ProjectRegistryManager.java:847) [org.eclipse.m2e.core_1.0.0.me201110301321.jar:na]
	at org.eclipse.m2e.core.internal.project.registry.ProjectRegistryManager.refresh(ProjectRegistryManager.java:280) [org.eclipse.m2e.core_1.0.0.me201110301321.jar:na]
	at org.eclipse.m2e.core.internal.project.registry.MavenProjectManager.refresh(MavenProjectManager.java:58) [org.eclipse.m2e.core_1.0.0.me201110301321.jar:na]
	at org.eclipse.m2e.core.internal.builder.MavenBuilder.build(MavenBuilder.java:128) [org.eclipse.m2e.core_1.0.0.me201110301321.jar:na]
	at org.eclipse.core.internal.events.BuildManager$2.run(BuildManager.java:728) [org.eclipse.core.resources_3.7.100.v20110510-0712.jar:na]
	at org.eclipse.core.runtime.SafeRunner.run(SafeRunner.java:42) [org.eclipse.equinox.common_3.6.0.v20110523.jar:na]
	at org.eclipse.core.internal.events.BuildManager.basicBuild(BuildManager.java:199) [org.eclipse.core.resources_3.7.100.v20110510-0712.jar:na]
	at org.eclipse.core.internal.events.BuildManager.basicBuild(BuildManager.java:239) [org.eclipse.core.resources_3.7.100.v20110510-0712.jar:na]
	at org.eclipse.core.internal.events.BuildManager$1.run(BuildManager.java:292) [org.eclipse.core.resources_3.7.100.v20110510-0712.jar:na]
	at org.eclipse.core.runtime.SafeRunner.run(SafeRunner.java:42) [org.eclipse.equinox.common_3.6.0.v20110523.jar:na]
	at org.eclipse.core.internal.events.BuildManager.basicBuild(BuildManager.java:295) [org.eclipse.core.resources_3.7.100.v20110510-0712.jar:na]
	at org.eclipse.core.internal.events.BuildManager.basicBuildLoop(BuildManager.java:351) [org.eclipse.core.resources_3.7.100.v20110510-0712.jar:na]
	at org.eclipse.core.internal.events.BuildManager.build(BuildManager.java:374) [org.eclipse.core.resources_3.7.100.v20110510-0712.jar:na]
	at org.eclipse.core.internal.events.AutoBuildJob.doBuild(AutoBuildJob.java:143) [org.eclipse.core.resources_3.7.100.v20110510-0712.jar:na]
	at org.eclipse.core.internal.events.AutoBuildJob.run(AutoBuildJob.java:241) [org.eclipse.core.resources_3.7.100.v20110510-0712.jar:na]
	at org.eclipse.core.internal.jobs.Worker.run(Worker.java:54) [org.eclipse.core.jobs_3.5.100.v20110404.jar:na]
